[debug] [2023-12-19T18:20:09.680Z] ----------------------------------------------------------------------
[debug] [2023-12-19T18:20:09.683Z] Command:       C:\Program Files\nodejs\node.exe C:\Users\helid\AppData\Roaming\npm\node_modules\firebase-tools\lib\bin\firebase.js init
[debug] [2023-12-19T18:20:09.684Z] CLI Version:   13.0.2
[debug] [2023-12-19T18:20:09.684Z] Platform:      win32
[debug] [2023-12-19T18:20:09.684Z] Node Version:  v21.2.0
[debug] [2023-12-19T18:20:09.684Z] Time:          Tue Dec 19 2023 20:20:09 GMT+0200 (Eastern European Standard Time)
[debug] [2023-12-19T18:20:09.684Z] ----------------------------------------------------------------------
[debug] 
[debug] [2023-12-19T18:20:09.687Z] >>> [apiv2][query] GET https://firebase-public.firebaseio.com/cli.json [none]
[debug] [2023-12-19T18:20:09.743Z] > command requires scopes: ["email","openid","https://www.googleapis.com/auth/cloudplatformprojects.readonly","https://www.googleapis.com/auth/firebase","https://www.googleapis.com/auth/cloud-platform"]
[debug] [2023-12-19T18:20:09.743Z] > authorizing via signed-in user (shurahdl@gmail.com)
[info] 
     ######## #### ########  ######## ########     ###     ######  ########
     ##        ##  ##     ## ##       ##     ##  ##   ##  ##       ##
     ######    ##  ########  ######   ########  #########  ######  ######
     ##        ##  ##    ##  ##       ##     ## ##     ##       ## ##
     ##       #### ##     ## ######## ########  ##     ##  ######  ########

You're about to initialize a Firebase project in this directory:

  D:\Projects\ai-img-generator

[debug] [2023-12-19T18:20:10.049Z] <<< [apiv2][status] GET https://firebase-public.firebaseio.com/cli.json 200
[debug] [2023-12-19T18:20:10.050Z] <<< [apiv2][body] GET https://firebase-public.firebaseio.com/cli.json {"cloudBuildErrorAfter":1594252800000,"cloudBuildWarnAfter":1590019200000,"defaultNode10After":1594252800000,"minVersion":"3.0.5","node8DeploysDisabledAfter":1613390400000,"node8RuntimeDisabledAfter":1615809600000,"node8WarnAfter":1600128000000}
[info] 
=== Project Setup
[info] 
[info] First, let's associate this project directory with a Firebase project.
[info] You can create multiple project aliases by running firebase use --add, 
[info] but for now we'll just set up a default project.
[info] 
[debug] [2023-12-19T18:21:09.266Z] > refreshing access token with scopes: []
[debug] [2023-12-19T18:21:09.267Z] >>> [apiv2][query] POST https://www.googleapis.com/oauth2/v3/token [none]
[debug] [2023-12-19T18:21:09.267Z] >>> [apiv2][body] POST https://www.googleapis.com/oauth2/v3/token [omitted]
[debug] [2023-12-19T18:21:09.366Z] <<< [apiv2][status] POST https://www.googleapis.com/oauth2/v3/token 200
[debug] [2023-12-19T18:21:09.366Z] <<< [apiv2][body] POST https://www.googleapis.com/oauth2/v3/token [omitted]
[debug] [2023-12-19T18:21:09.380Z] >>> [apiv2][query] GET https://firebase.googleapis.com/v1beta1/projects pageSize=100
[debug] [2023-12-19T18:21:09.935Z] <<< [apiv2][status] GET https://firebase.googleapis.com/v1beta1/projects 200
[debug] [2023-12-19T18:21:09.935Z] <<< [apiv2][body] GET https://firebase.googleapis.com/v1beta1/projects [omitted]
[info] i  Using project imagegen-e0dba (ImageGen) 
[info] 
=== Database Setup
[info] i  database: ensuring required API firebasedatabase.googleapis.com is enabled... 
[debug] [2023-12-19T18:21:19.811Z] >>> [apiv2][query] GET https://serviceusage.googleapis.com/v1/projects/imagegen-e0dba/services/firebasedatabase.googleapis.com [none]
[debug] [2023-12-19T18:21:19.811Z] >>> [apiv2][(partial)header] GET https://serviceusage.googleapis.com/v1/projects/imagegen-e0dba/services/firebasedatabase.googleapis.com x-goog-quota-user=projects/imagegen-e0dba
[debug] [2023-12-19T18:21:20.742Z] <<< [apiv2][status] GET https://serviceusage.googleapis.com/v1/projects/imagegen-e0dba/services/firebasedatabase.googleapis.com 200
[debug] [2023-12-19T18:21:20.742Z] <<< [apiv2][body] GET https://serviceusage.googleapis.com/v1/projects/imagegen-e0dba/services/firebasedatabase.googleapis.com [omitted]
[warn] !  database: missing required API firebasedatabase.googleapis.com. Enabling now... 
[debug] [2023-12-19T18:21:20.743Z] >>> [apiv2][query] POST https://serviceusage.googleapis.com/v1/projects/imagegen-e0dba/services/firebasedatabase.googleapis.com:enable [none]
[debug] [2023-12-19T18:21:20.743Z] >>> [apiv2][(partial)header] POST https://serviceusage.googleapis.com/v1/projects/imagegen-e0dba/services/firebasedatabase.googleapis.com:enable x-goog-quota-user=projects/imagegen-e0dba
[debug] [2023-12-19T18:21:22.332Z] <<< [apiv2][status] POST https://serviceusage.googleapis.com/v1/projects/imagegen-e0dba/services/firebasedatabase.googleapis.com:enable 200
[debug] [2023-12-19T18:21:22.332Z] <<< [apiv2][body] POST https://serviceusage.googleapis.com/v1/projects/imagegen-e0dba/services/firebasedatabase.googleapis.com:enable [omitted]
[debug] [2023-12-19T18:21:32.345Z] >>> [apiv2][query] GET https://serviceusage.googleapis.com/v1/projects/imagegen-e0dba/services/firebasedatabase.googleapis.com [none]
[debug] [2023-12-19T18:21:32.346Z] >>> [apiv2][(partial)header] GET https://serviceusage.googleapis.com/v1/projects/imagegen-e0dba/services/firebasedatabase.googleapis.com x-goog-quota-user=projects/imagegen-e0dba
[debug] [2023-12-19T18:21:33.263Z] <<< [apiv2][status] GET https://serviceusage.googleapis.com/v1/projects/imagegen-e0dba/services/firebasedatabase.googleapis.com 200
[debug] [2023-12-19T18:21:33.263Z] <<< [apiv2][body] GET https://serviceusage.googleapis.com/v1/projects/imagegen-e0dba/services/firebasedatabase.googleapis.com [omitted]
[info] +  database: required API firebasedatabase.googleapis.com is enabled 
[info] 
[debug] [2023-12-19T18:21:33.267Z] >>> [apiv2][query] GET https://firebase.googleapis.com/v1beta1/projects/imagegen-e0dba [none]
[debug] [2023-12-19T18:21:33.507Z] <<< [apiv2][status] GET https://firebase.googleapis.com/v1beta1/projects/imagegen-e0dba 200
[debug] [2023-12-19T18:21:33.507Z] <<< [apiv2][body] GET https://firebase.googleapis.com/v1beta1/projects/imagegen-e0dba {"projectId":"imagegen-e0dba","projectNumber":"296782929789","displayName":"ImageGen","name":"projects/imagegen-e0dba","resources":{"hostingSite":"imagegen-e0dba","storageBucket":"imagegen-e0dba.appspot.com","locationId":"europe-west"},"state":"ACTIVE","etag":"1_33b01d37-5293-4ca4-847c-a2a70884c096"}
[info] 
[info] Firebase Realtime Database Security Rules allow you to define how your data should be
[info] structured and when your data can be read from and written to.
[info] 
[debug] [2023-12-19T18:23:30.909Z] ----------------------------------------------------------------------
[debug] [2023-12-19T18:23:30.912Z] Command:       C:\Program Files\nodejs\node.exe C:\Users\helid\AppData\Roaming\npm\node_modules\firebase-tools\lib\bin\firebase.js init
[debug] [2023-12-19T18:23:30.913Z] CLI Version:   13.0.2
[debug] [2023-12-19T18:23:30.913Z] Platform:      win32
[debug] [2023-12-19T18:23:30.913Z] Node Version:  v21.2.0
[debug] [2023-12-19T18:23:30.914Z] Time:          Tue Dec 19 2023 20:23:30 GMT+0200 (Eastern European Standard Time)
[debug] [2023-12-19T18:23:30.914Z] ----------------------------------------------------------------------
[debug] 
[debug] [2023-12-19T18:23:30.923Z] > command requires scopes: ["email","openid","https://www.googleapis.com/auth/cloudplatformprojects.readonly","https://www.googleapis.com/auth/firebase","https://www.googleapis.com/auth/cloud-platform"]
[debug] [2023-12-19T18:23:30.923Z] > authorizing via signed-in user (shurahdl@gmail.com)
[info] 
     ######## #### ########  ######## ########     ###     ######  ########
     ##        ##  ##     ## ##       ##     ##  ##   ##  ##       ##
     ######    ##  ########  ######   ########  #########  ######  ######
     ##        ##  ##    ##  ##       ##     ## ##     ##       ## ##
     ##       #### ##     ## ######## ########  ##     ##  ######  ########

You're about to initialize a Firebase project in this directory:

  D:\Projects\ai-img-generator

[info] 
=== Project Setup
[info] 
[info] First, let's associate this project directory with a Firebase project.
[info] You can create multiple project aliases by running firebase use --add, 
[info] but for now we'll just set up a default project.
[info] 
[debug] [2023-12-19T18:27:37.701Z] >>> [apiv2][query] GET https://firebase.googleapis.com/v1beta1/projects pageSize=100
[debug] [2023-12-19T18:27:38.353Z] <<< [apiv2][status] GET https://firebase.googleapis.com/v1beta1/projects 200
[debug] [2023-12-19T18:27:38.353Z] <<< [apiv2][body] GET https://firebase.googleapis.com/v1beta1/projects [omitted]
[info] i  Using project imagegen-e0dba (ImageGen) 
[info] 
=== Firestore Setup
[debug] [2023-12-19T18:27:40.845Z] >>> [apiv2][query] GET https://serviceusage.googleapis.com/v1/projects/imagegen-e0dba/services/firestore.googleapis.com [none]
[debug] [2023-12-19T18:27:40.845Z] >>> [apiv2][(partial)header] GET https://serviceusage.googleapis.com/v1/projects/imagegen-e0dba/services/firestore.googleapis.com x-goog-quota-user=projects/imagegen-e0dba
[debug] [2023-12-19T18:27:41.786Z] <<< [apiv2][status] GET https://serviceusage.googleapis.com/v1/projects/imagegen-e0dba/services/firestore.googleapis.com 200
[debug] [2023-12-19T18:27:41.786Z] <<< [apiv2][body] GET https://serviceusage.googleapis.com/v1/projects/imagegen-e0dba/services/firestore.googleapis.com [omitted]
[debug] [2023-12-19T18:27:41.786Z] >>> [apiv2][query] GET https://firestore.googleapis.com/v1/projects/imagegen-e0dba/databases/(default) [none]
[debug] [2023-12-19T18:27:42.044Z] <<< [apiv2][status] GET https://firestore.googleapis.com/v1/projects/imagegen-e0dba/databases/(default) 200
[debug] [2023-12-19T18:27:42.045Z] <<< [apiv2][body] GET https://firestore.googleapis.com/v1/projects/imagegen-e0dba/databases/(default) {"name":"projects/imagegen-e0dba/databases/(default)","uid":"16f43629-e550-460f-8e77-a0c701fa62e5","createTime":"2023-12-17T14:19:05.787394Z","updateTime":"2023-12-17T14:19:05.787394Z","locationId":"eur3","type":"FIRESTORE_NATIVE","concurrencyMode":"PESSIMISTIC","versionRetentionPeriod":"3600s","earliestVersionTime":"2023-12-19T17:27:43.073808Z","appEngineIntegrationMode":"DISABLED","keyPrefix":"e","pointInTimeRecoveryEnablement":"POINT_IN_TIME_RECOVERY_DISABLED","deleteProtectionState":"DELETE_PROTECTION_DISABLED","etag":"IIaHza2QnIMDMKSS+Jb5loMD"}
[debug] [2023-12-19T18:27:42.045Z] database_type: FIRESTORE_NATIVE
[debug] [2023-12-19T18:27:42.045Z] > command requires scopes: ["email","openid","https://www.googleapis.com/auth/cloudplatformprojects.readonly","https://www.googleapis.com/auth/firebase","https://www.googleapis.com/auth/cloud-platform"]
[debug] [2023-12-19T18:27:42.046Z] > authorizing via signed-in user (shurahdl@gmail.com)
[debug] [2023-12-19T18:27:42.046Z] [iam] checking project imagegen-e0dba for permissions ["firebase.projects.get"]
[debug] [2023-12-19T18:27:42.046Z] >>> [apiv2][query] POST https://cloudresourcemanager.googleapis.com/v1/projects/imagegen-e0dba:testIamPermissions [none]
[debug] [2023-12-19T18:27:42.046Z] >>> [apiv2][(partial)header] POST https://cloudresourcemanager.googleapis.com/v1/projects/imagegen-e0dba:testIamPermissions x-goog-quota-user=projects/imagegen-e0dba
[debug] [2023-12-19T18:27:42.046Z] >>> [apiv2][body] POST https://cloudresourcemanager.googleapis.com/v1/projects/imagegen-e0dba:testIamPermissions {"permissions":["firebase.projects.get"]}
[debug] [2023-12-19T18:27:42.791Z] <<< [apiv2][status] POST https://cloudresourcemanager.googleapis.com/v1/projects/imagegen-e0dba:testIamPermissions 200
[debug] [2023-12-19T18:27:42.791Z] <<< [apiv2][body] POST https://cloudresourcemanager.googleapis.com/v1/projects/imagegen-e0dba:testIamPermissions {"permissions":["firebase.projects.get"]}
[info] 
[info] Firestore Security Rules allow you to define how and when to allow
[info] requests. You can keep these rules in your project directory
[info] and publish them with firebase deploy.
[info] 
[debug] [2023-12-19T18:27:53.677Z] >>> [apiv2][query] GET https://firebaserules.googleapis.com/v1/projects/imagegen-e0dba/releases pageSize=10&pageToken=
[debug] [2023-12-19T18:27:54.499Z] <<< [apiv2][status] GET https://firebaserules.googleapis.com/v1/projects/imagegen-e0dba/releases 200
[debug] [2023-12-19T18:27:54.499Z] <<< [apiv2][body] GET https://firebaserules.googleapis.com/v1/projects/imagegen-e0dba/releases {"releases":[{"name":"projects/imagegen-e0dba/releases/cloud.firestore","rulesetName":"projects/imagegen-e0dba/rulesets/93dcc65b-724b-4294-b2ab-9142065d2b78","createTime":"2023-12-17T14:19:12.669465Z","updateTime":"2023-12-17T14:19:27.008121Z"},{"name":"projects/imagegen-e0dba/releases/firebase.storage/imagegen-e0dba.appspot.com","rulesetName":"projects/imagegen-e0dba/rulesets/d11c3364-fa3e-4a4c-a279-b79b7e1cb7ae","createTime":"2023-12-17T14:21:49.736819Z","updateTime":"2023-12-17T14:22:08.129668Z"}]}
[debug] [2023-12-19T18:27:54.499Z] Found ruleset: projects/imagegen-e0dba/rulesets/93dcc65b-724b-4294-b2ab-9142065d2b78
[debug] [2023-12-19T18:27:54.499Z] >>> [apiv2][query] GET https://firebaserules.googleapis.com/v1/projects/imagegen-e0dba/rulesets/93dcc65b-724b-4294-b2ab-9142065d2b78 [none]
[debug] [2023-12-19T18:27:55.241Z] <<< [apiv2][status] GET https://firebaserules.googleapis.com/v1/projects/imagegen-e0dba/rulesets/93dcc65b-724b-4294-b2ab-9142065d2b78 200
[debug] [2023-12-19T18:27:55.241Z] <<< [apiv2][body] GET https://firebaserules.googleapis.com/v1/projects/imagegen-e0dba/rulesets/93dcc65b-724b-4294-b2ab-9142065d2b78 [omitted]
[info] 
[info] Firestore indexes allow you to perform complex queries while
[info] maintaining performance that scales with the size of the result
[info] set. You can keep index definitions in your project directory
[info] and publish them with firebase deploy.
[info] 
[debug] [2023-12-19T18:28:02.663Z] >>> [apiv2][query] GET https://firestore.googleapis.com/v1/projects/imagegen-e0dba/databases/(default)/collectionGroups/-/indexes [none]
[debug] [2023-12-19T18:28:02.665Z] >>> [apiv2][query] GET https://firestore.googleapis.com/v1/projects/imagegen-e0dba/databases/(default)/collectionGroups/-/fields?filter=indexConfig.usesAncestorConfig=false OR ttlConfig:* [none]
[debug] [2023-12-19T18:28:02.920Z] <<< [apiv2][status] GET https://firestore.googleapis.com/v1/projects/imagegen-e0dba/databases/(default)/collectionGroups/-/indexes 200
[debug] [2023-12-19T18:28:02.920Z] <<< [apiv2][body] GET https://firestore.googleapis.com/v1/projects/imagegen-e0dba/databases/(default)/collectionGroups/-/indexes {}
[debug] [2023-12-19T18:28:02.920Z] <<< [apiv2][status] GET https://firestore.googleapis.com/v1/projects/imagegen-e0dba/databases/(default)/collectionGroups/-/fields?filter=indexConfig.usesAncestorConfig=false OR ttlConfig:* 200
[debug] [2023-12-19T18:28:02.920Z] <<< [apiv2][body] GET https://firestore.googleapis.com/v1/projects/imagegen-e0dba/databases/(default)/collectionGroups/-/fields?filter=indexConfig.usesAncestorConfig=false OR ttlConfig:* {"fields":[{"name":"projects/imagegen-e0dba/databases/(default)/collectionGroups/__default__/fields/*","indexConfig":{"indexes":[{"queryScope":"COLLECTION","fields":[{"fieldPath":"*","order":"ASCENDING"}],"state":"READY"},{"queryScope":"COLLECTION","fields":[{"fieldPath":"*","order":"DESCENDING"}],"state":"READY"},{"queryScope":"COLLECTION","fields":[{"fieldPath":"*","arrayConfig":"CONTAINS"}],"state":"READY"}]}}]}
[info] 
=== Hosting Setup
[debug] [2023-12-19T18:28:02.926Z] >>> [apiv2][query] GET https://firebase.googleapis.com/v1beta1/projects/imagegen-e0dba [none]
[debug] [2023-12-19T18:28:03.169Z] <<< [apiv2][status] GET https://firebase.googleapis.com/v1beta1/projects/imagegen-e0dba 200
[debug] [2023-12-19T18:28:03.169Z] <<< [apiv2][body] GET https://firebase.googleapis.com/v1beta1/projects/imagegen-e0dba {"projectId":"imagegen-e0dba","projectNumber":"296782929789","displayName":"ImageGen","name":"projects/imagegen-e0dba","resources":{"hostingSite":"imagegen-e0dba","storageBucket":"imagegen-e0dba.appspot.com","locationId":"europe-west"},"state":"ACTIVE","etag":"1_33b01d37-5293-4ca4-847c-a2a70884c096"}
[info] 
[info] Your public directory is the folder (relative to your project directory) that
[info] will contain Hosting assets to be uploaded with firebase deploy. If you
[info] have a build process for your assets, use your build's output directory.
[info] 
[info] +  Wrote public/404.html 
[debug] [2023-12-19T18:28:42.780Z] >>> [apiv2][query] GET https://www.gstatic.com/firebasejs/releases.json [none]
[debug] [2023-12-19T18:28:42.814Z] <<< [apiv2][status] GET https://www.gstatic.com/firebasejs/releases.json 200
[debug] [2023-12-19T18:28:42.814Z] <<< [apiv2][body] GET https://www.gstatic.com/firebasejs/releases.json {"current":{"version":"10.7.1","browserURL":"https://www.gstatic.com/firebasejs/10.7.1/firebase.js","packageURL":"https://www.gstatic.com/firebasejs/10.7.1/firebase.tgz"},"live":{"version":"10.7","browserURL":"https://www.gstatic.com/firebasejs/live/10.7/firebase.js","packageURL":"https://www.gstatic.com/firebasejs/live/10.7/firebase.tgz"},"components":{"analytics":"https://www.gstatic.com/firebasejs/10.7.1/firebase-analytics.js","app":"https://www.gstatic.com/firebasejs/10.7.1/firebase-app.js","app-check":"https://www.gstatic.com/firebasejs/10.7.1/firebase-app-check.js","auth":"https://www.gstatic.com/firebasejs/10.7.1/firebase-auth.js","auth/cordova":"https://www.gstatic.com/firebasejs/10.7.1/firebase-auth/cordova.js","functions":"https://www.gstatic.com/firebasejs/10.7.1/firebase-functions.js","firestore":"https://www.gstatic.com/firebasejs/10.7.1/firebase-firestore.js","firestore/lite":"https://www.gstatic.com/firebasejs/10.7.1/firebase-firestore/lite.js","installations":"https://www.gstatic.com/firebasejs/10.7.1/firebase-installations.js","storage":"https://www.gstatic.com/firebasejs/10.7.1/firebase-storage.js","performance":"https://www.gstatic.com/firebasejs/10.7.1/firebase-performance.js","remote-config":"https://www.gstatic.com/firebasejs/10.7.1/firebase-remote-config.js","messaging":"https://www.gstatic.com/firebasejs/10.7.1/firebase-messaging.js","messaging/sw":"https://www.gstatic.com/firebasejs/10.7.1/firebase-messaging/sw.js","database":"https://www.gstatic.com/firebasejs/10.7.1/firebase-database.js","firestore.memory":"https://www.gstatic.com/firebasejs/10.7.1/firebase-firestore.memory.js"}}
[info] i  Skipping write of public/index.html 
[info] 
[info] i  Didn't detect a .git folder. Assuming D:\Projects\ai-img-generator is the project root. 
[info] i  Authorizing with GitHub to upload your service account to a GitHub repository's secrets store. 
[info] 
[info] Visit this URL on this device to log in:
[info] https://github.com/login/oauth/authorize?client_id=89cf50f02ac6aaed3484&state=357281633&redirect_uri=http%3A%2F%2Flocalhost%3A9005&scope=read%3Auser%20repo%20public_repo
[info] 
[info] Waiting for authentication...
[debug] [2023-12-19T18:29:24.055Z] >>> [apiv2][query] POST https://github.com/login/oauth/access_token [none]
[debug] [2023-12-19T18:29:24.056Z] >>> [apiv2][body] POST https://github.com/login/oauth/access_token [stream]
[debug] [2023-12-19T18:29:24.344Z] <<< [apiv2][status] POST https://github.com/login/oauth/access_token 200
[debug] [2023-12-19T18:29:24.344Z] <<< [apiv2][body] POST https://github.com/login/oauth/access_token {"access_token":"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","token_type":"bearer","scope":"read:user,repo"}
[debug] [2023-12-19T18:29:24.349Z] >>> [apiv2][query] GET https://api.github.com/user [none]
[debug] [2023-12-19T18:29:24.649Z] <<< [apiv2][status] GET https://api.github.com/user 200
[debug] [2023-12-19T18:29:24.649Z] <<< [apiv2][body] GET https://api.github.com/user {"login":"Heli-DL","id":85070320,"node_id":"MDQ6VXNlcjg1MDcwMzIw","avatar_url":"https://avatars.githubusercontent.com/u/85070320?v=4","gravatar_id":"","url":"https://api.github.com/users/Heli-DL","html_url":"https://github.com/Heli-DL","followers_url":"https://api.github.com/users/Heli-DL/followers","following_url":"https://api.github.com/users/Heli-DL/following{/other_user}","gists_url":"https://api.github.com/users/Heli-DL/gists{/gist_id}","starred_url":"https://api.github.com/users/Heli-DL/starred{/owner}{/repo}","subscriptions_url":"https://api.github.com/users/Heli-DL/subscriptions","organizations_url":"https://api.github.com/users/Heli-DL/orgs","repos_url":"https://api.github.com/users/Heli-DL/repos","events_url":"https://api.github.com/users/Heli-DL/events{/privacy}","received_events_url":"https://api.github.com/users/Heli-DL/received_events","type":"User","site_admin":false,"name":"HeliDL","company":null,"blog":"","location":null,"email":null,"hireable":null,"bio":null,"twitter_username":null,"public_repos":38,"public_gists":0,"followers":0,"following":0,"created_at":"2021-05-30T15:16:46Z","updated_at":"2023-09-27T04:07:26Z","private_gists":0,"total_private_repos":2,"owned_private_repos":2,"disk_usage":224749,"collaborators":0,"two_factor_authentication":true,"plan":{"name":"free","space":976562499,"collaborators":0,"private_repos":10000}}
[info] 
[info] +  Success! Logged into GitHub as Heli-DL 
[info] 
